<?xml version="1.0" encoding="UTF-8"?>
<testsuite xmlns:xsi="http://www.w3.org/2001/XMLSchema-instance" xsi:noNamespaceSchemaLocation="https://maven.apache.org/surefire/maven-surefire-plugin/xsd/surefire-test-report-3.0.xsd" version="3.0" name="TestSuite" time="148.459" tests="26" errors="0" skipped="0" failures="0">
  <properties>
    <property name="sun.desktop" value="windows"/>
    <property name="awt.toolkit" value="sun.awt.windows.WToolkit"/>
    <property name="java.specification.version" value="11"/>
    <property name="sun.cpu.isalist" value="amd64"/>
    <property name="sun.jnu.encoding" value="Cp1252"/>
    <property name="java.class.path" value="F:\Athira\EclipseProjects\TestyDemo\target\test-classes;F:\Athira\EclipseProjects\TestyDemo\target\classes;C:\Users\kmana\.m2\repository\org\slf4j\slf4j-log4j12\1.7.26\slf4j-log4j12-1.7.26.jar;C:\Users\kmana\.m2\repository\org\slf4j\slf4j-api\1.7.26\slf4j-api-1.7.26.jar;C:\Users\kmana\.m2\repository\log4j\log4j\1.2.17\log4j-1.2.17.jar;C:\Users\kmana\.m2\repository\com\sdl\lt\Testy\2.11.0\Testy-2.11.0.jar;C:\Users\kmana\.m2\repository\org\seleniumhq\selenium\selenium-java\3.141.59\selenium-java-3.141.59.jar;C:\Users\kmana\.m2\repository\org\seleniumhq\selenium\selenium-api\3.141.59\selenium-api-3.141.59.jar;C:\Users\kmana\.m2\repository\org\seleniumhq\selenium\selenium-chrome-driver\3.141.59\selenium-chrome-driver-3.141.59.jar;C:\Users\kmana\.m2\repository\org\seleniumhq\selenium\selenium-firefox-driver\3.141.59\selenium-firefox-driver-3.141.59.jar;C:\Users\kmana\.m2\repository\org\seleniumhq\selenium\selenium-ie-driver\3.141.59\selenium-ie-driver-3.141.59.jar;C:\Users\kmana\.m2\repository\org\seleniumhq\selenium\selenium-remote-driver\3.141.59\selenium-remote-driver-3.141.59.jar;C:\Users\kmana\.m2\repository\org\seleniumhq\selenium\selenium-safari-driver\3.141.59\selenium-safari-driver-3.141.59.jar;C:\Users\kmana\.m2\repository\org\seleniumhq\selenium\selenium-support\3.141.59\selenium-support-3.141.59.jar;C:\Users\kmana\.m2\repository\net\bytebuddy\byte-buddy\1.8.15\byte-buddy-1.8.15.jar;C:\Users\kmana\.m2\repository\org\apache\commons\commons-exec\1.3\commons-exec-1.3.jar;C:\Users\kmana\.m2\repository\com\squareup\okhttp3\okhttp\3.11.0\okhttp-3.11.0.jar;C:\Users\kmana\.m2\repository\com\squareup\okio\okio\1.14.0\okio-1.14.0.jar;C:\Users\kmana\.m2\repository\com\google\guava\guava\28.0-jre\guava-28.0-jre.jar;C:\Users\kmana\.m2\repository\com\google\guava\failureaccess\1.0.1\failureaccess-1.0.1.jar;C:\Users\kmana\.m2\repository\com\google\guava\listenablefuture\9999.0-empty-to-avoid-conflict-with-guava\listenablefuture-9999.0-empty-to-avoid-conflict-with-guava.jar;C:\Users\kmana\.m2\repository\com\google\code\findbugs\jsr305\3.0.2\jsr305-3.0.2.jar;C:\Users\kmana\.m2\repository\org\checkerframework\checker-qual\2.8.1\checker-qual-2.8.1.jar;C:\Users\kmana\.m2\repository\com\google\errorprone\error_prone_annotations\2.3.2\error_prone_annotations-2.3.2.jar;C:\Users\kmana\.m2\repository\com\google\j2objc\j2objc-annotations\1.3\j2objc-annotations-1.3.jar;C:\Users\kmana\.m2\repository\org\codehaus\mojo\animal-sniffer-annotations\1.17\animal-sniffer-annotations-1.17.jar;C:\Users\kmana\.m2\repository\org\seleniumhq\selenium\selenium-edge-driver\3.141.59\selenium-edge-driver-3.141.59.jar;C:\Users\kmana\.m2\repository\org\seleniumhq\selenium\selenium-opera-driver\3.141.59\selenium-opera-driver-3.141.59.jar;C:\Users\kmana\.m2\repository\org\hamcrest\hamcrest-all\1.3\hamcrest-all-1.3.jar;C:\Users\kmana\.m2\repository\org\testng\testng\6.8.8\testng-6.8.8.jar;C:\Users\kmana\.m2\repository\org\beanshell\bsh\2.0b4\bsh-2.0b4.jar;C:\Users\kmana\.m2\repository\com\beust\jcommander\1.27\jcommander-1.27.jar;C:\Users\kmana\.m2\repository\com\fasterxml\jackson\core\jackson-databind\2.9.9.3\jackson-databind-2.9.9.3.jar;C:\Users\kmana\.m2\repository\com\fasterxml\jackson\core\jackson-annotations\2.9.0\jackson-annotations-2.9.0.jar;C:\Users\kmana\.m2\repository\com\fasterxml\jackson\core\jackson-core\2.9.9\jackson-core-2.9.9.jar;C:\Users\kmana\.m2\repository\org\apache\commons\commons-lang3\3.9\commons-lang3-3.9.jar;C:\Users\kmana\.m2\repository\commons-io\commons-io\2.6\commons-io-2.6.jar;C:\Users\kmana\.m2\repository\org\apache\commons\commons-collections4\4.4\commons-collections4-4.4.jar;C:\Users\kmana\.m2\repository\org\projectlombok\lombok\1.18.8\lombok-1.18.8.jar;C:\Users\kmana\.m2\repository\org\apache\httpcomponents\httpclient\4.5.9\httpclient-4.5.9.jar;C:\Users\kmana\.m2\repository\org\apache\httpcomponents\httpcore\4.4.11\httpcore-4.4.11.jar;C:\Users\kmana\.m2\repository\commons-logging\commons-logging\1.2\commons-logging-1.2.jar;C:\Users\kmana\.m2\repository\commons-codec\commons-codec\1.11\commons-codec-1.11.jar;"/>
    <property name="java.vm.vendor" value="Oracle Corporation"/>
    <property name="sun.arch.data.model" value="64"/>
    <property name="user.variant" value=""/>
    <property name="java.vendor.url" value="http://java.oracle.com/"/>
    <property name="user.timezone" value="America/Los_Angeles"/>
    <property name="java.vm.specification.version" value="11"/>
    <property name="os.name" value="Windows 10"/>
    <property name="sun.java.launcher" value="SUN_STANDARD"/>
    <property name="user.country" value="US"/>
    <property name="sun.boot.library.path" value="C:\Program Files\Java\jdk-11.0.1\bin"/>
    <property name="sun.java.command" value="C:\Users\kmana\AppData\Local\Temp\surefire5631429153943791443\surefirebooter17209235782750841354.jar C:\Users\kmana\AppData\Local\Temp\surefire5631429153943791443 2019-08-14T18-56-11_975-jvmRun1 surefire14527475627720159391tmp surefire_09089506600254185169tmp"/>
    <property name="jdk.debug" value="release"/>
    <property name="surefire.test.class.path" value="F:\Athira\EclipseProjects\TestyDemo\target\test-classes;F:\Athira\EclipseProjects\TestyDemo\target\classes;C:\Users\kmana\.m2\repository\org\slf4j\slf4j-log4j12\1.7.26\slf4j-log4j12-1.7.26.jar;C:\Users\kmana\.m2\repository\org\slf4j\slf4j-api\1.7.26\slf4j-api-1.7.26.jar;C:\Users\kmana\.m2\repository\log4j\log4j\1.2.17\log4j-1.2.17.jar;C:\Users\kmana\.m2\repository\com\sdl\lt\Testy\2.11.0\Testy-2.11.0.jar;C:\Users\kmana\.m2\repository\org\seleniumhq\selenium\selenium-java\3.141.59\selenium-java-3.141.59.jar;C:\Users\kmana\.m2\repository\org\seleniumhq\selenium\selenium-api\3.141.59\selenium-api-3.141.59.jar;C:\Users\kmana\.m2\repository\org\seleniumhq\selenium\selenium-chrome-driver\3.141.59\selenium-chrome-driver-3.141.59.jar;C:\Users\kmana\.m2\repository\org\seleniumhq\selenium\selenium-firefox-driver\3.141.59\selenium-firefox-driver-3.141.59.jar;C:\Users\kmana\.m2\repository\org\seleniumhq\selenium\selenium-ie-driver\3.141.59\selenium-ie-driver-3.141.59.jar;C:\Users\kmana\.m2\repository\org\seleniumhq\selenium\selenium-remote-driver\3.141.59\selenium-remote-driver-3.141.59.jar;C:\Users\kmana\.m2\repository\org\seleniumhq\selenium\selenium-safari-driver\3.141.59\selenium-safari-driver-3.141.59.jar;C:\Users\kmana\.m2\repository\org\seleniumhq\selenium\selenium-support\3.141.59\selenium-support-3.141.59.jar;C:\Users\kmana\.m2\repository\net\bytebuddy\byte-buddy\1.8.15\byte-buddy-1.8.15.jar;C:\Users\kmana\.m2\repository\org\apache\commons\commons-exec\1.3\commons-exec-1.3.jar;C:\Users\kmana\.m2\repository\com\squareup\okhttp3\okhttp\3.11.0\okhttp-3.11.0.jar;C:\Users\kmana\.m2\repository\com\squareup\okio\okio\1.14.0\okio-1.14.0.jar;C:\Users\kmana\.m2\repository\com\google\guava\guava\28.0-jre\guava-28.0-jre.jar;C:\Users\kmana\.m2\repository\com\google\guava\failureaccess\1.0.1\failureaccess-1.0.1.jar;C:\Users\kmana\.m2\repository\com\google\guava\listenablefuture\9999.0-empty-to-avoid-conflict-with-guava\listenablefuture-9999.0-empty-to-avoid-conflict-with-guava.jar;C:\Users\kmana\.m2\repository\com\google\code\findbugs\jsr305\3.0.2\jsr305-3.0.2.jar;C:\Users\kmana\.m2\repository\org\checkerframework\checker-qual\2.8.1\checker-qual-2.8.1.jar;C:\Users\kmana\.m2\repository\com\google\errorprone\error_prone_annotations\2.3.2\error_prone_annotations-2.3.2.jar;C:\Users\kmana\.m2\repository\com\google\j2objc\j2objc-annotations\1.3\j2objc-annotations-1.3.jar;C:\Users\kmana\.m2\repository\org\codehaus\mojo\animal-sniffer-annotations\1.17\animal-sniffer-annotations-1.17.jar;C:\Users\kmana\.m2\repository\org\seleniumhq\selenium\selenium-edge-driver\3.141.59\selenium-edge-driver-3.141.59.jar;C:\Users\kmana\.m2\repository\org\seleniumhq\selenium\selenium-opera-driver\3.141.59\selenium-opera-driver-3.141.59.jar;C:\Users\kmana\.m2\repository\org\hamcrest\hamcrest-all\1.3\hamcrest-all-1.3.jar;C:\Users\kmana\.m2\repository\org\testng\testng\6.8.8\testng-6.8.8.jar;C:\Users\kmana\.m2\repository\org\beanshell\bsh\2.0b4\bsh-2.0b4.jar;C:\Users\kmana\.m2\repository\com\beust\jcommander\1.27\jcommander-1.27.jar;C:\Users\kmana\.m2\repository\com\fasterxml\jackson\core\jackson-databind\2.9.9.3\jackson-databind-2.9.9.3.jar;C:\Users\kmana\.m2\repository\com\fasterxml\jackson\core\jackson-annotations\2.9.0\jackson-annotations-2.9.0.jar;C:\Users\kmana\.m2\repository\com\fasterxml\jackson\core\jackson-core\2.9.9\jackson-core-2.9.9.jar;C:\Users\kmana\.m2\repository\org\apache\commons\commons-lang3\3.9\commons-lang3-3.9.jar;C:\Users\kmana\.m2\repository\commons-io\commons-io\2.6\commons-io-2.6.jar;C:\Users\kmana\.m2\repository\org\apache\commons\commons-collections4\4.4\commons-collections4-4.4.jar;C:\Users\kmana\.m2\repository\org\projectlombok\lombok\1.18.8\lombok-1.18.8.jar;C:\Users\kmana\.m2\repository\org\apache\httpcomponents\httpclient\4.5.9\httpclient-4.5.9.jar;C:\Users\kmana\.m2\repository\org\apache\httpcomponents\httpcore\4.4.11\httpcore-4.4.11.jar;C:\Users\kmana\.m2\repository\commons-logging\commons-logging\1.2\commons-logging-1.2.jar;C:\Users\kmana\.m2\repository\commons-codec\commons-codec\1.11\commons-codec-1.11.jar;"/>
    <property name="sun.cpu.endian" value="little"/>
    <property name="user.home" value="C:\Users\kmana"/>
    <property name="user.language" value="en"/>
    <property name="java.specification.vendor" value="Oracle Corporation"/>
    <property name="java.version.date" value="2018-10-16"/>
    <property name="java.home" value="C:\Program Files\Java\jdk-11.0.1"/>
    <property name="file.separator" value="\"/>
    <property name="basedir" value="F:\Athira\EclipseProjects\TestyDemo"/>
    <property name="java.vm.compressedOopsMode" value="Zero based"/>
    <property name="line.separator" value="&#10;"/>
    <property name="java.specification.name" value="Java Platform API Specification"/>
    <property name="java.vm.specification.vendor" value="Oracle Corporation"/>
    <property name="java.awt.graphicsenv" value="sun.awt.Win32GraphicsEnvironment"/>
    <property name="surefire.real.class.path" value="C:\Users\kmana\AppData\Local\Temp\surefire5631429153943791443\surefirebooter17209235782750841354.jar"/>
    <property name="user.script" value=""/>
    <property name="sun.management.compiler" value="HotSpot 64-Bit Tiered Compilers"/>
    <property name="java.runtime.version" value="11.0.1+13-LTS"/>
    <property name="user.name" value="kmana"/>
    <property name="path.separator" value=";"/>
    <property name="os.version" value="10.0"/>
    <property name="java.runtime.name" value="Java(TM) SE Runtime Environment"/>
    <property name="file.encoding" value="Cp1252"/>
    <property name="java.vm.name" value="Java HotSpot(TM) 64-Bit Server VM"/>
    <property name="java.vendor.version" value="18.9"/>
    <property name="localRepository" value="C:\Users\kmana\.m2\repository"/>
    <property name="java.vendor.url.bug" value="http://bugreport.java.com/bugreport/"/>
    <property name="java.io.tmpdir" value="C:\Users\kmana\AppData\Local\Temp\"/>
    <property name="java.version" value="11.0.1"/>
    <property name="user.dir" value="F:\Athira\EclipseProjects\TestyDemo"/>
    <property name="os.arch" value="amd64"/>
    <property name="java.vm.specification.name" value="Java Virtual Machine Specification"/>
    <property name="java.awt.printerjob" value="sun.awt.windows.WPrinterJob"/>
    <property name="sun.os.patch.level" value=""/>
    <property name="java.library.path" value="C:\Program Files\Java\jdk-11.0.1\bin;C:\WINDOWS\Sun\Java\bin;C:\WINDOWS\system32;C:\WINDOWS;C:/PROGRA~1/Java/JRE18~1.0_1/bin/server;C:/PROGRA~1/Java/JRE18~1.0_1/bin;C:/PROGRA~1/Java/JRE18~1.0_1/lib/amd64;C:\Program Files (x86)\Microsoft Visual Studio\Shared\Python36_64\Scripts\;C:\Program Files (x86)\Microsoft Visual Studio\Shared\Python36_64\;C:\PROGRA~1\Java\JRE18~1.0_1\bin;C:\Program Files (x86)\Common Files\Oracle\Java\javapath;C:\WINDOWS\system32;C:\WINDOWS;C:\WINDOWS\System32\Wbem;C:\WINDOWS\System32\WindowsPowerShell\v1.0\;C:\Program Files\dotnet\;C:\Program Files\Microsoft SQL Server\130\Tools\Binn\;C:\apache-opennlp-1.8.4\bin;C:\PROGRA~1\Java\jdk1.8.0_172\lib;C:\apache-opennlp-1.8.4\lib;C:\WINDOWS\System32\OpenSSH\;%PYTHON_HOME%\;%PYTHON_HOME%\Scripts\;C:\Program Files (x86)\Windows Kits\8.1\Windows Performance Toolkit\;C:\Program Files\Git\cmd;C:\Program Files\apache-maven-3.6.0\bin;C:\cygwin64;C:\Program Files (x86)\Microsoft Visual Studio\Shared\Python36_64\Scripts\;C:\Program Files (x86)\Microsoft Visual Studio\Shared\Python36_64\;C:\Users\kmana\AppData\Local\Microsoft\WindowsApps;F:\trainingmodel\apache-opennlp-1.8.4\bin;C:\apache-opennlp-1.8.4\lib;C:\Program Files\Java\jdk-11.0.1\bin;C:\Program Files\Microsoft VS Code\bin;;C:\WINDOWS\System32;;."/>
    <property name="java.vendor" value="Oracle Corporation"/>
    <property name="java.vm.info" value="mixed mode"/>
    <property name="java.vm.version" value="11.0.1+13-LTS"/>
    <property name="sun.io.unicode.encoding" value="UnicodeLittle"/>
    <property name="java.class.version" value="55.0"/>
  </properties>
  <testcase name="openUrl" classname="myTestyDemoTest.ExtJsFormTest" time="1.145"/>
  <testcase name="openUrl" classname="myTestyDemoTest.ExtJsFormTest" time="0.689"/>
  <testcase name="conditionManagerTest" classname="myTestyDemoTest.ExtJsFormTest" time="17.867"/>
  <testcase name="conditionManagerTest" classname="myTestyDemoTest.ExtJsFormTest" time="10.671"/>
  <testcase name="findElementsAfterTimeoutTest" classname="myTestyDemoTest.ExtJsFormTest" time="5.903"/>
  <testcase name="findElementsAfterTimeoutTest" classname="myTestyDemoTest.ExtJsFormTest" time="5.848"/>
  <testcase name="findElementsQuotesTest" classname="myTestyDemoTest.ExtJsFormTest" time="1.567"/>
  <testcase name="findElementsQuotesTest" classname="myTestyDemoTest.ExtJsFormTest" time="2.056"/>
  <testcase name="radioGroupTest" classname="myTestyDemoTest.ExtJsFormTest" time="10.114"/>
  <testcase name="radioGroupTest" classname="myTestyDemoTest.ExtJsFormTest" time="10.707"/>
  <testcase name="comboBoxTest" classname="myTestyDemoTest.ExtJsFormTest" time="2.122"/>
  <testcase name="comboBoxTest" classname="myTestyDemoTest.ExtJsFormTest" time="2.747"/>
  <testcase name="multiSelectTest" classname="myTestyDemoTest.ExtJsFormTest" time="1.014"/>
  <testcase name="multiSelectTest" classname="myTestyDemoTest.ExtJsFormTest" time="1.643"/>
  <testcase name="textAreaTest" classname="myTestyDemoTest.ExtJsFormTest" time="1.167"/>
  <testcase name="textAreaTest" classname="myTestyDemoTest.ExtJsFormTest" time="1.245"/>
  <testcase name="textFieldTest" classname="myTestyDemoTest.ExtJsFormTest" time="1.388"/>
  <testcase name="textFieldTest" classname="myTestyDemoTest.ExtJsFormTest" time="1.377"/>
  <testcase name="simpleFormTest" classname="myTestyDemoTest.ExtJsFormTest" time="14.008"/>
  <testcase name="simpleFormTest" classname="myTestyDemoTest.ExtJsFormTest" time="5.155"/>
  <testcase name="openUrl" classname="myTestyDemoTest.BootstrapFormTest" time="1.148"/>
  <testcase name="openUrl" classname="myTestyDemoTest.BootstrapFormTest" time="0.424"/>
  <testcase name="bFormTitleTest" classname="myTestyDemoTest.BootstrapFormTest" time="18.247"/>
  <testcase name="bFormTitleTest" classname="myTestyDemoTest.BootstrapFormTest" time="13.528"/>
  <testcase name="bFormPOAPFTest" classname="myTestyDemoTest.BootstrapFormTest" time="0.508"/>
  <testcase name="bFormPOAPFTest" classname="myTestyDemoTest.BootstrapFormTest" time="0.715"/>
</testsuite>