<?xml version="1.0" encoding="UTF-8"?>
<!-- Generated by org.testng.reporters.JUnitReportReporter -->
<testsuite hostname="MALOOTYPC" name="myTestyDemoTest.ExtJsFormTest" tests="3" failures="0" timestamp="18 Aug 2019 23:26:41 GMT" time="260.387" errors="0">
  <testcase name="downloadFileTest" time="183.811" classname="myTestyDemoTest.ExtJsFormTest"/>
  <testcase name="simpleFormTest" time="75.450" classname="myTestyDemoTest.ExtJsFormTest"/>
  <testcase name="openUrl" time="1.126" classname="myTestyDemoTest.ExtJsFormTest"/>
</testsuite> <!-- myTestyDemoTest.ExtJsFormTest -->
