<?xml version="1.0" encoding="UTF-8"?>
<!-- Generated by org.testng.reporters.JUnitReportReporter -->
<testsuite hostname="MALOOTYPC" failures="0" tests="20" name="myTestyDemoTest.ExtJsFormTest" time="98.434" errors="0" timestamp="15 Aug 2019 01:58:42 GMT">
  <testcase classname="myTestyDemoTest.ExtJsFormTest" name="conditionManagerTest" time="17.872"/>
  <testcase classname="myTestyDemoTest.ExtJsFormTest" name="findElementsAfterTimeoutTest" time="5.903"/>
  <testcase classname="myTestyDemoTest.ExtJsFormTest" name="comboBoxTest" time="2.122"/>
  <testcase classname="myTestyDemoTest.ExtJsFormTest" name="findElementsAfterTimeoutTest" time="5.848"/>
  <testcase classname="myTestyDemoTest.ExtJsFormTest" name="textAreaTest" time="1.167"/>
  <testcase classname="myTestyDemoTest.ExtJsFormTest" name="findElementsQuotesTest" time="2.056"/>
  <testcase classname="myTestyDemoTest.ExtJsFormTest" name="multiSelectTest" time="1.014"/>
  <testcase classname="myTestyDemoTest.ExtJsFormTest" name="openUrl" time="1.142"/>
  <testcase classname="myTestyDemoTest.ExtJsFormTest" name="radioGroupTest" time="10.114"/>
  <testcase classname="myTestyDemoTest.ExtJsFormTest" name="textAreaTest" time="1.245"/>
  <testcase classname="myTestyDemoTest.ExtJsFormTest" name="openUrl" time="0.689"/>
  <testcase classname="myTestyDemoTest.ExtJsFormTest" name="simpleFormTest" time="5.155"/>
  <testcase classname="myTestyDemoTest.ExtJsFormTest" name="simpleFormTest" time="14.007"/>
  <testcase classname="myTestyDemoTest.ExtJsFormTest" name="multiSelectTest" time="1.643"/>
  <testcase classname="myTestyDemoTest.ExtJsFormTest" name="textFieldTest" time="1.377"/>
  <testcase classname="myTestyDemoTest.ExtJsFormTest" name="findElementsQuotesTest" time="1.567"/>
  <testcase classname="myTestyDemoTest.ExtJsFormTest" name="textFieldTest" time="1.388"/>
  <testcase classname="myTestyDemoTest.ExtJsFormTest" name="comboBoxTest" time="2.747"/>
  <testcase classname="myTestyDemoTest.ExtJsFormTest" name="radioGroupTest" time="10.707"/>
  <testcase classname="myTestyDemoTest.ExtJsFormTest" name="conditionManagerTest" time="10.671"/>
</testsuite> <!-- myTestyDemoTest.ExtJsFormTest -->
