<?xml version="1.0" encoding="UTF-8"?>
<!-- Generated by org.testng.reporters.JUnitReportReporter -->
<testsuite hostname="MALOOTYPC" failures="0" tests="6" name="myTestyDemoTest.BootstrapFormTest" time="34.567" errors="0" timestamp="15 Aug 2019 01:58:42 GMT">
  <testcase classname="myTestyDemoTest.BootstrapFormTest" name="openUrl" time="0.423"/>
  <testcase classname="myTestyDemoTest.BootstrapFormTest" name="bFormPOAPFTest" time="0.715"/>
  <testcase classname="myTestyDemoTest.BootstrapFormTest" name="bFormTitleTest" time="18.246"/>
  <testcase classname="myTestyDemoTest.BootstrapFormTest" name="bFormTitleTest" time="13.527"/>
  <testcase classname="myTestyDemoTest.BootstrapFormTest" name="openUrl" time="1.148"/>
  <testcase classname="myTestyDemoTest.BootstrapFormTest" name="bFormPOAPFTest" time="0.508"/>
</testsuite> <!-- myTestyDemoTest.BootstrapFormTest -->
